<?xml version="1.0" encoding="UTF-8"?>
<!-- Generated by org.testng.reporters.JUnitXMLReporter -->
<testsuite ignored="10" hostname="Test-Jpwin11" failures="2" tests="2" name="Test1(failed)(failed)" time="138.015" errors="0" timestamp="2024-07-25T15:24:26 JST">
  <testcase classname="test.script.BackupSmokeTest" name="verifySettings" time="75.98">
    <failure type="java.lang.Exception" message="Failed to retrieve attibute post stale element exception and 2 retries.">
      <![CDATA[java.lang.Exception: Failed to retrieve attibute post stale element exception and 2 retries.
at cocoro.lib.uiauto.SeleniumUIControl.click(SeleniumUIControl.java:159)
at test.script.BackupSmokeTest.verifySettings(BackupSmokeTest.java:272)
at java.base/java.util.ArrayList.forEach(ArrayList.java:1511)
... Removed 25 stack frames]]>
    </failure>
  </testcase> <!-- verifySettings -->
  <testcase classname="test.script.BackupSmokeTest" name="verifySingleDeviceDelete" time="4.648">
    <failure type="java.lang.Exception" message="Failed to retrieve attibute post stale element exception and 2 retries.">
      <![CDATA[java.lang.Exception: Failed to retrieve attibute post stale element exception and 2 retries.
at cocoro.lib.uiauto.SeleniumUIControl.click(SeleniumUIControl.java:159)
at test.script.BackupSmokeTest.verifySingleDeviceDelete(BackupSmokeTest.java:294)
at java.base/java.util.ArrayList.forEach(ArrayList.java:1511)
... Removed 25 stack frames]]>
    </failure>
  </testcase> <!-- verifySingleDeviceDelete -->
  <testcase classname="test.script.BackupSmokeTest" name="verifyFileVersionGeneration" time="0.0">
    <ignored/>
  </testcase> <!-- verifyFileVersionGeneration -->
  <testcase classname="test.script.BackupSmokeTest" name="verifyFilePreview" time="0.0">
    <ignored/>
  </testcase> <!-- verifyFilePreview -->
  <testcase classname="test.script.BackupSmokeTest" name="verifyMultiFolderDelete" time="0.0">
    <ignored/>
  </testcase> <!-- verifyMultiFolderDelete -->
  <testcase classname="test.script.BackupSmokeTest" name="verifySingleFolderDelete" time="0.0">
    <ignored/>
  </testcase> <!-- verifySingleFolderDelete -->
  <testcase classname="test.script.BackupSmokeTest" name="verifyMultiFolderDownload" time="0.0">
    <ignored/>
  </testcase> <!-- verifyMultiFolderDownload -->
  <testcase classname="test.script.BackupSmokeTest" name="verifyFolderSearch" time="0.0">
    <ignored/>
  </testcase> <!-- verifyFolderSearch -->
  <testcase classname="test.script.BackupSmokeTest" name="verifyBackupDeviceManagementFolderList" time="0.0">
    <ignored/>
  </testcase> <!-- verifyBackupDeviceManagementFolderList -->
  <testcase classname="test.script.BackupSmokeTest" name="verifySingleFolderDownload" time="0.0">
    <ignored/>
  </testcase> <!-- verifySingleFolderDownload -->
  <testcase classname="test.script.BackupSmokeTest" name="verifySingleFileFolderDownload" time="0.0">
    <ignored/>
  </testcase> <!-- verifySingleFileFolderDownload -->
  <testcase classname="test.script.BackupSmokeTest" name="verifySearchPageReturnButton" time="0.0">
    <ignored/>
  </testcase> <!-- verifySearchPageReturnButton -->
</testsuite> <!-- Test1(failed)(failed) -->
