<?xml version="1.0" encoding="UTF-8"?>
<!-- Generated by org.testng.reporters.JUnitXMLReporter -->
<testsuite ignored="10" hostname="Test-Jpwin11" failures="0" tests="2" name="Test1(failed)(failed)(failed)" time="133.136" errors="0" timestamp="2024-07-25T15:33:22 JST">
  <testcase classname="test.script.BackupSmokeTest" name="@BeforeMethod verifyFolderIsEmpty" time="3.389">
    <failure type="java.lang.Exception" message="Failed to retrieve attibute post stale element exception and 2 retries.">
      <![CDATA[java.lang.Exception: Failed to retrieve attibute post stale element exception and 2 retries.
at cocoro.lib.uiauto.SeleniumUIControl.click(SeleniumUIControl.java:159)
at pages.HomePage.gotoBackupFolder(HomePage.java:116)
at test.script.BackupSmokeTest.verifyFolderIsEmpty(BackupSmokeTest.java:50)
at java.base/java.util.ArrayList.forEach(ArrayList.java:1511)
... Removed 29 stack frames]]>
    </failure>
  </testcase> <!-- @BeforeMethod verifyFolderIsEmpty -->
  <testcase classname="test.script.BackupSmokeTest" name="@AfterMethod deleteAllFolders" time="3.334">
    <failure type="java.lang.Exception" message="Failed to retrieve attibute post stale element exception and 2 retries.">
      <![CDATA[java.lang.Exception: Failed to retrieve attibute post stale element exception and 2 retries.
at cocoro.lib.uiauto.SeleniumUIControl.click(SeleniumUIControl.java:159)
at test.script.BackupSmokeTest.deleteAllFolders(BackupSmokeTest.java:59)
at java.base/java.util.ArrayList.forEach(ArrayList.java:1511)
... Removed 30 stack frames]]>
    </failure>
  </testcase> <!-- @AfterMethod deleteAllFolders -->
  <testcase classname="test.script.BackupSmokeTest" name="verifySettings" time="98.258"/>
  <testcase classname="test.script.BackupSmokeTest" name="verifySingleDeviceDelete" time="0.0">
    <skipped/>
  </testcase> <!-- verifySingleDeviceDelete -->
  <testcase classname="test.script.BackupSmokeTest" name="verifyFileVersionGeneration" time="0.0">
    <ignored/>
  </testcase> <!-- verifyFileVersionGeneration -->
  <testcase classname="test.script.BackupSmokeTest" name="verifyFilePreview" time="0.0">
    <ignored/>
  </testcase> <!-- verifyFilePreview -->
  <testcase classname="test.script.BackupSmokeTest" name="verifyMultiFolderDelete" time="0.0">
    <ignored/>
  </testcase> <!-- verifyMultiFolderDelete -->
  <testcase classname="test.script.BackupSmokeTest" name="verifySingleFolderDelete" time="0.0">
    <ignored/>
  </testcase> <!-- verifySingleFolderDelete -->
  <testcase classname="test.script.BackupSmokeTest" name="verifyMultiFolderDownload" time="0.0">
    <ignored/>
  </testcase> <!-- verifyMultiFolderDownload -->
  <testcase classname="test.script.BackupSmokeTest" name="verifyFolderSearch" time="0.0">
    <ignored/>
  </testcase> <!-- verifyFolderSearch -->
  <testcase classname="test.script.BackupSmokeTest" name="verifyBackupDeviceManagementFolderList" time="0.0">
    <ignored/>
  </testcase> <!-- verifyBackupDeviceManagementFolderList -->
  <testcase classname="test.script.BackupSmokeTest" name="verifySingleFolderDownload" time="0.0">
    <ignored/>
  </testcase> <!-- verifySingleFolderDownload -->
  <testcase classname="test.script.BackupSmokeTest" name="verifySingleFileFolderDownload" time="0.0">
    <ignored/>
  </testcase> <!-- verifySingleFileFolderDownload -->
  <testcase classname="test.script.BackupSmokeTest" name="verifySearchPageReturnButton" time="0.0">
    <ignored/>
  </testcase> <!-- verifySearchPageReturnButton -->
</testsuite> <!-- Test1(failed)(failed)(failed) -->
