<?xml version="1.0" encoding="UTF-8"?>
<testng-results ignored="0" total="2" passed="1" failed="1" skipped="0">
  <reporter-output>
  </reporter-output>
  <suite started-at="2024-07-19T20:22:18 JST" name="Suite" finished-at="2024-07-19T20:23:52 JST" duration-ms="94506">
    <groups>
      <group name="Functional">
        <method signature="PersonalFolderSmokeTest.verifySingleFileUpload()[pri:2, instance:test.script.PersonalFolderSmokeTest@292b08d6]" name="verifySingleFileUpload" class="test.script.PersonalFolderSmokeTest"/>
        <method signature="PersonalFolderSmokeTest.verifyMultiFileUpload()[pri:3, instance:test.script.PersonalFolderSmokeTest@292b08d6]" name="verifyMultiFileUpload" class="test.script.PersonalFolderSmokeTest"/>
      </group> <!-- Functional -->
    </groups>
    <test started-at="2024-07-19T20:22:18 JST" name="Test1" finished-at="2024-07-19T20:23:52 JST" duration-ms="94506">
      <class name="test.script.PersonalFolderSmokeTest">
        <test-method is-config="true" signature="configureSuite(org.testng.ITestContext)[pri:0, instance:test.script.PersonalFolderSmokeTest@292b08d6]" started-at="2024-07-19T20:22:18 JST" name="configureSuite" finished-at="2024-07-19T20:22:18 JST" duration-ms="65" status="PASS">
          <params>
            <param index="0">
              <value>
                <![CDATA[org.testng.TestRunner@49798e84]]>
              </value>
            </param>
          </params>
          <reporter-output>
          </reporter-output>
        </test-method> <!-- configureSuite -->
        <test-method is-config="true" signature="processTestContext(org.testng.ITestContext)[pri:0, instance:test.script.PersonalFolderSmokeTest@292b08d6]" started-at="2024-07-19T20:22:18 JST" name="processTestContext" finished-at="2024-07-19T20:22:18 JST" duration-ms="120" status="PASS">
          <params>
            <param index="0">
              <value>
                <![CDATA[org.testng.TestRunner@49798e84]]>
              </value>
            </param>
          </params>
          <reporter-output>
          </reporter-output>
        </test-method> <!-- processTestContext -->
        <test-method is-config="true" signature="login(org.testng.ITestContext)[pri:0, instance:test.script.PersonalFolderSmokeTest@292b08d6]" started-at="2024-07-19T20:22:18 JST" name="login" finished-at="2024-07-19T20:22:38 JST" duration-ms="19689" status="PASS">
          <params>
            <param index="0">
              <value>
                <![CDATA[org.testng.TestRunner@49798e84]]>
              </value>
            </param>
          </params>
          <reporter-output>
          </reporter-output>
        </test-method> <!-- login -->
        <test-method is-config="true" signature="setupClassCommonSteps(org.testng.ITestContext)[pri:0, instance:test.script.PersonalFolderSmokeTest@292b08d6]" started-at="2024-07-19T20:22:18 JST" name="setupClassCommonSteps" finished-at="2024-07-19T20:22:18 JST" duration-ms="0" status="PASS">
          <params>
            <param index="0">
              <value>
                <![CDATA[org.testng.TestRunner@49798e84]]>
              </value>
            </param>
          </params>
          <reporter-output>
          </reporter-output>
        </test-method> <!-- setupClassCommonSteps -->
        <test-method is-config="true" signature="startApplication(java.lang.reflect.Method)[pri:0, instance:test.script.PersonalFolderSmokeTest@292b08d6]" started-at="2024-07-19T20:22:38 JST" name="startApplication" finished-at="2024-07-19T20:22:38 JST" duration-ms="2" status="PASS">
          <params>
            <param index="0">
              <value>
                <![CDATA[public void test.script.PersonalFolderSmokeTest.verifySingleFileUpload() throws java.lang.Exception]]>
              </value>
            </param>
          </params>
          <reporter-output>
          </reporter-output>
        </test-method> <!-- startApplication -->
        <test-method is-config="true" signature="verifyFolderIsEmpty()[pri:0, instance:test.script.PersonalFolderSmokeTest@292b08d6]" started-at="2024-07-19T20:22:38 JST" name="verifyFolderIsEmpty" finished-at="2024-07-19T20:22:42 JST" duration-ms="4168" status="PASS">
          <reporter-output>
          </reporter-output>
        </test-method> <!-- verifyFolderIsEmpty -->
        <test-method signature="verifySingleFileUpload()[pri:2, instance:test.script.PersonalFolderSmokeTest@292b08d6]" started-at="2024-07-19T20:22:42 JST" name="verifySingleFileUpload" finished-at="2024-07-19T20:23:02 JST" duration-ms="19919" status="FAIL">
          <exception class="java.lang.AssertionError">
            <message>
              <![CDATA[expected [Single.pdf] but found [File5.png]]]>
            </message>
            <full-stacktrace>
              <![CDATA[java.lang.AssertionError: expected [Single.pdf] but found [File5.png]
at org.testng.Assert.fail(Assert.java:111)
at org.testng.Assert.failNotEquals(Assert.java:1578)
at org.testng.Assert.assertEqualsImpl(Assert.java:150)
at org.testng.Assert.assertEquals(Assert.java:132)
at org.testng.Assert.assertEquals(Assert.java:656)
at org.testng.Assert.assertEquals(Assert.java:666)
at test.script.PersonalFolderSmokeTest.verifySingleFileUpload(PersonalFolderSmokeTest.java:109)
at java.base/jdk.internal.reflect.DirectMethodHandleAccessor.invoke(DirectMethodHandleAccessor.java:104)
at java.base/java.lang.reflect.Method.invoke(Method.java:578)
at org.testng.internal.invokers.MethodInvocationHelper.invokeMethod(MethodInvocationHelper.java:139)
at org.testng.internal.invokers.TestInvoker.invokeMethod(TestInvoker.java:664)
at org.testng.internal.invokers.TestInvoker.invokeTestMethod(TestInvoker.java:227)
at org.testng.internal.invokers.MethodRunner.runInSequence(MethodRunner.java:50)
at org.testng.internal.invokers.TestInvoker$MethodInvocationAgent.invoke(TestInvoker.java:957)
at org.testng.internal.invokers.TestInvoker.invokeTestMethods(TestInvoker.java:200)
at org.testng.internal.invokers.TestMethodWorker.invokeTestMethods(TestMethodWorker.java:148)
at org.testng.internal.invokers.TestMethodWorker.run(TestMethodWorker.java:128)
at java.base/java.util.ArrayList.forEach(ArrayList.java:1511)
at org.testng.TestRunner.privateRun(TestRunner.java:848)
at org.testng.TestRunner.run(TestRunner.java:621)
at org.testng.SuiteRunner.runTest(SuiteRunner.java:443)
at org.testng.SuiteRunner.runSequentially(SuiteRunner.java:437)
at org.testng.SuiteRunner.privateRun(SuiteRunner.java:397)
at org.testng.SuiteRunner.run(SuiteRunner.java:336)
at org.testng.SuiteRunnerWorker.runSuite(SuiteRunnerWorker.java:52)
at org.testng.SuiteRunnerWorker.run(SuiteRunnerWorker.java:95)
at org.testng.TestNG.runSuitesSequentially(TestNG.java:1280)
at org.testng.TestNG.runSuitesLocally(TestNG.java:1200)
at org.testng.TestNG.runSuites(TestNG.java:1114)
at org.testng.TestNG.run(TestNG.java:1082)
at org.testng.remote.AbstractRemoteTestNG.run(AbstractRemoteTestNG.java:115)
at org.testng.remote.RemoteTestNG.initAndRun(RemoteTestNG.java:251)
at org.testng.remote.RemoteTestNG.main(RemoteTestNG.java:77)
]]>
            </full-stacktrace>
          </exception> <!-- java.lang.AssertionError -->
          <reporter-output>
          </reporter-output>
        </test-method> <!-- verifySingleFileUpload -->
        <test-method is-config="true" signature="deleteAllFolders()[pri:0, instance:test.script.PersonalFolderSmokeTest@292b08d6]" started-at="2024-07-19T20:23:02 JST" name="deleteAllFolders" finished-at="2024-07-19T20:23:04 JST" duration-ms="2343" status="PASS">
          <reporter-output>
          </reporter-output>
        </test-method> <!-- deleteAllFolders -->
        <test-method is-config="true" signature="tearDown(org.testng.ITestResult)[pri:0, instance:test.script.PersonalFolderSmokeTest@292b08d6]" started-at="2024-07-19T20:23:04 JST" name="tearDown" finished-at="2024-07-19T20:23:04 JST" duration-ms="137" status="PASS">
          <params>
            <param index="0">
              <value>
                <![CDATA[[TestResult name=verifySingleFileUpload status=FAILURE method=PersonalFolderSmokeTest.verifySingleFileUpload()[pri:2, instance:test.script.PersonalFolderSmokeTest@292b08d6] output={null}]]]>
              </value>
            </param>
          </params>
          <reporter-output>
          </reporter-output>
        </test-method> <!-- tearDown -->
        <test-method is-config="true" signature="startApplication(java.lang.reflect.Method)[pri:0, instance:test.script.PersonalFolderSmokeTest@292b08d6]" started-at="2024-07-19T20:23:04 JST" name="startApplication" finished-at="2024-07-19T20:23:04 JST" duration-ms="2" status="PASS">
          <params>
            <param index="0">
              <value>
                <![CDATA[public void test.script.PersonalFolderSmokeTest.verifyMultiFileUpload() throws java.lang.Exception]]>
              </value>
            </param>
          </params>
          <reporter-output>
          </reporter-output>
        </test-method> <!-- startApplication -->
        <test-method is-config="true" signature="verifyFolderIsEmpty()[pri:0, instance:test.script.PersonalFolderSmokeTest@292b08d6]" started-at="2024-07-19T20:23:04 JST" name="verifyFolderIsEmpty" finished-at="2024-07-19T20:23:08 JST" duration-ms="4126" status="PASS">
          <reporter-output>
          </reporter-output>
        </test-method> <!-- verifyFolderIsEmpty -->
        <test-method signature="verifyMultiFileUpload()[pri:3, instance:test.script.PersonalFolderSmokeTest@292b08d6]" started-at="2024-07-19T20:23:08 JST" name="verifyMultiFileUpload" finished-at="2024-07-19T20:23:50 JST" duration-ms="41584" status="PASS">
          <reporter-output>
          </reporter-output>
        </test-method> <!-- verifyMultiFileUpload -->
        <test-method is-config="true" signature="deleteAllFolders()[pri:0, instance:test.script.PersonalFolderSmokeTest@292b08d6]" started-at="2024-07-19T20:23:50 JST" name="deleteAllFolders" finished-at="2024-07-19T20:23:52 JST" duration-ms="2096" status="PASS">
          <reporter-output>
          </reporter-output>
        </test-method> <!-- deleteAllFolders -->
        <test-method is-config="true" signature="tearDown(org.testng.ITestResult)[pri:0, instance:test.script.PersonalFolderSmokeTest@292b08d6]" started-at="2024-07-19T20:23:52 JST" name="tearDown" finished-at="2024-07-19T20:23:52 JST" duration-ms="58" status="PASS">
          <params>
            <param index="0">
              <value>
                <![CDATA[[TestResult name=verifyMultiFileUpload status=SUCCESS method=PersonalFolderSmokeTest.verifyMultiFileUpload()[pri:3, instance:test.script.PersonalFolderSmokeTest@292b08d6] output={null}]]]>
              </value>
            </param>
          </params>
          <reporter-output>
          </reporter-output>
        </test-method> <!-- tearDown -->
        <test-method is-config="true" signature="closeBrowser(org.testng.ITestContext)[pri:0, instance:test.script.PersonalFolderSmokeTest@292b08d6]" started-at="2024-07-19T20:23:52 JST" name="closeBrowser" finished-at="2024-07-19T20:23:52 JST" duration-ms="234" status="PASS">
          <params>
            <param index="0">
              <value>
                <![CDATA[org.testng.TestRunner@49798e84]]>
              </value>
            </param>
          </params>
          <reporter-output>
          </reporter-output>
        </test-method> <!-- closeBrowser -->
      </class> <!-- test.script.PersonalFolderSmokeTest -->
    </test> <!-- Test1 -->
  </suite> <!-- Suite -->
</testng-results>
