<?xml version="1.0" encoding="UTF-8"?>
<!-- Generated by org.testng.reporters.JUnitXMLReporter -->
<testsuite ignored="0" hostname="Test-Jpwin11" failures="1" tests="1" name="Test1" time="20.276" errors="0" timestamp="2024-07-30T15:36:21 JST">
  <testcase classname="test.script.FaxSmokeTest" name="verifyDeviceListDelete" time="0.016">
    <failure type="java.lang.NullPointerException" message="Cannot invoke &amp;quot;pages.SharedFolder.ClickDeviceManagemnt()&amp;quot; because &amp;quot;this.sharedFolder&amp;quot; is null">
      <![CDATA[java.lang.NullPointerException: Cannot invoke "pages.SharedFolder.ClickDeviceManagemnt()" because "this.sharedFolder" is null
at test.script.FaxSmokeTest.verifyDeviceListDelete(FaxSmokeTest.java:247)
at java.base/java.util.ArrayList.forEach(ArrayList.java:1511)
... Removed 25 stack frames]]>
    </failure>
  </testcase> <!-- verifyDeviceListDelete -->
</testsuite> <!-- Test1 -->
