<?xml version="1.0" encoding="UTF-8"?>
<!-- Generated by org.testng.reporters.JUnitXMLReporter -->
<testsuite ignored="0" hostname="Test-Jpwin11" failures="1" tests="2" name="Test1" time="94.506" errors="0" timestamp="2024-07-19T20:23:52 JST">
  <testcase classname="test.script.PersonalFolderSmokeTest" name="verifySingleFileUpload" time="19.919">
    <failure type="java.lang.AssertionError" message="expected [Single.pdf] but found [File5.png]">
      <![CDATA[java.lang.AssertionError: expected [Single.pdf] but found [File5.png]
at test.script.PersonalFolderSmokeTest.verifySingleFileUpload(PersonalFolderSmokeTest.java:109)
at java.base/java.util.ArrayList.forEach(ArrayList.java:1511)
... Removed 31 stack frames]]>
    </failure>
  </testcase> <!-- verifySingleFileUpload -->
  <testcase classname="test.script.PersonalFolderSmokeTest" name="verifyMultiFileUpload" time="41.584"/>
</testsuite> <!-- Test1 -->
