<?xml version="1.0" encoding="UTF-8"?>
<!-- Generated by org.testng.reporters.JUnitXMLReporter -->
<testsuite ignored="0" hostname="Test-Jpwin11" failures="0" tests="1" name="Test1" time="0.262" errors="0" timestamp="2024-07-31T01:19:20 JST">
  <testcase classname="cocoro.tests.BaseTest" name="@BeforeTest processTestContext" time="0.078">
    <failure type="java.lang.NullPointerException" message="Cannot invoke &amp;quot;String.toLowerCase()&amp;quot; because &amp;quot;language&amp;quot; is null">
      <![CDATA[java.lang.NullPointerException: Cannot invoke "String.toLowerCase()" because "language" is null
at cocoro.lib.loader.LocalizeStringsLoader.load(LocalizeStringsLoader.java:59)
at cocoro.lib.central.COCOROSingleton.processTestContext(COCOROSingleton.java:72)
at cocoro.tests.BaseTest.processTestContext(BaseTest.java:47)
... Removed 22 stack frames]]>
    </failure>
  </testcase> <!-- @BeforeTest processTestContext -->
  <testcase classname="test.script.SharedFolderSmokeTest" name="@BeforeTest login" time="0.004">
    <failure type="java.lang.NullPointerException" message="Cannot invoke &amp;quot;String.hashCode()&amp;quot; because &amp;quot;browser&amp;quot; is null">
      <![CDATA[java.lang.NullPointerException: Cannot invoke "String.hashCode()" because "browser" is null
at cocoro.lib.uiauto.DriverFactory.testngDriver(DriverFactory.java:91)
at cocoro.lib.uiauto.DriverFactory.createDriver(DriverFactory.java:79)
at test.script.SharedFolderSmokeTest.login(SharedFolderSmokeTest.java:48)
... Removed 22 stack frames]]>
    </failure>
  </testcase> <!-- @BeforeTest login -->
  <testcase classname="test.script.SharedFolderSmokeTest" name="@BeforeMethod verifyFolderIsEmpty" time="0.001">
    <failure type="java.lang.NullPointerException" message="Cannot invoke &amp;quot;pages.HomePage.gotoSharedFolder()&amp;quot; because &amp;quot;this.homePage&amp;quot; is null">
      <![CDATA[java.lang.NullPointerException: Cannot invoke "pages.HomePage.gotoSharedFolder()" because "this.homePage" is null
at test.script.SharedFolderSmokeTest.verifyFolderIsEmpty(SharedFolderSmokeTest.java:93)
at java.base/java.util.ArrayList.forEach(ArrayList.java:1511)
... Removed 29 stack frames]]>
    </failure>
  </testcase> <!-- @BeforeMethod verifyFolderIsEmpty -->
  <testcase classname="test.script.SharedFolderSmokeTest" name="@AfterMethod deleteAllFolders" time="0.001">
    <failure type="java.lang.NullPointerException" message="Cannot invoke &amp;quot;cocoro.lib.tdloader.LStringMap.getLString(String)&amp;quot; because &amp;quot;this.localizeStringProvider&amp;quot; is null">
      <![CDATA[java.lang.NullPointerException: Cannot invoke "cocoro.lib.tdloader.LStringMap.getLString(String)" because "this.localizeStringProvider" is null
at cocoro.lib.central.COCOROSingleton.getLocalizedMessage(COCOROSingleton.java:92)
at cocoro.tests.BaseTest.getLocalizedMessage(BaseTest.java:150)
at test.script.SharedFolderSmokeTest.deleteAllFolders(SharedFolderSmokeTest.java:118)
at java.base/java.util.ArrayList.forEach(ArrayList.java:1511)
... Removed 30 stack frames]]>
    </failure>
  </testcase> <!-- @AfterMethod deleteAllFolders -->
  <testcase classname="cocoro.tests.BaseTest" name="@AfterClass closeBrowser" time="0.001">
    <failure type="java.lang.NullPointerException" message="Cannot invoke &amp;quot;org.openqa.selenium.remote.RemoteWebDriver.quit()&amp;quot; because &amp;quot;this.driver&amp;quot; is null">
      <![CDATA[java.lang.NullPointerException: Cannot invoke "org.openqa.selenium.remote.RemoteWebDriver.quit()" because "this.driver" is null
at cocoro.tests.BaseTest.closeBrowser(BaseTest.java:88)
at java.base/java.util.ArrayList.forEach(ArrayList.java:1511)
... Removed 24 stack frames]]>
    </failure>
  </testcase> <!-- @AfterClass closeBrowser -->
  <testcase classname="test.script.SharedFolderSmokeTest" name="verifyAppBuildVersion" time="0.0">
    <skipped/>
  </testcase> <!-- verifyAppBuildVersion -->
</testsuite> <!-- Test1 -->
