<?xml version="1.0" encoding="UTF-8"?>
<testng-results ignored="0" total="1" passed="0" failed="1" skipped="0">
  <reporter-output>
  </reporter-output>
  <suite started-at="2024-07-30T15:36:01 JST" name="Suite" finished-at="2024-07-30T15:36:21 JST" duration-ms="20276">
    <groups>
      <group name="Functional">
        <method signature="FaxSmokeTest.verifyDeviceListDelete()[pri:19, instance:test.script.FaxSmokeTest@408d971b]" name="verifyDeviceListDelete" class="test.script.FaxSmokeTest"/>
      </group> <!-- Functional -->
    </groups>
    <test started-at="2024-07-30T15:36:01 JST" name="Test1" finished-at="2024-07-30T15:36:21 JST" duration-ms="20276">
      <class name="test.script.FaxSmokeTest">
        <test-method is-config="true" signature="configureSuite(org.testng.ITestContext)[pri:0, instance:test.script.FaxSmokeTest@408d971b]" started-at="2024-07-30T15:36:01 JST" name="configureSuite" finished-at="2024-07-30T15:36:01 JST" duration-ms="67" status="PASS">
          <params>
            <param index="0">
              <value>
                <![CDATA[org.testng.TestRunner@ecfbe91]]>
              </value>
            </param>
          </params>
          <reporter-output>
          </reporter-output>
        </test-method> <!-- configureSuite -->
        <test-method is-config="true" signature="processTestContext(org.testng.ITestContext)[pri:0, instance:test.script.FaxSmokeTest@408d971b]" started-at="2024-07-30T15:36:01 JST" name="processTestContext" finished-at="2024-07-30T15:36:01 JST" duration-ms="120" status="PASS">
          <params>
            <param index="0">
              <value>
                <![CDATA[org.testng.TestRunner@ecfbe91]]>
              </value>
            </param>
          </params>
          <reporter-output>
          </reporter-output>
        </test-method> <!-- processTestContext -->
        <test-method is-config="true" signature="setupClassCommonSteps(org.testng.ITestContext)[pri:0, instance:test.script.FaxSmokeTest@408d971b]" started-at="2024-07-30T15:36:01 JST" name="setupClassCommonSteps" finished-at="2024-07-30T15:36:01 JST" duration-ms="1" status="PASS">
          <params>
            <param index="0">
              <value>
                <![CDATA[org.testng.TestRunner@ecfbe91]]>
              </value>
            </param>
          </params>
          <reporter-output>
          </reporter-output>
        </test-method> <!-- setupClassCommonSteps -->
        <test-method is-config="true" signature="login(org.testng.ITestContext)[pri:0, instance:test.script.FaxSmokeTest@408d971b]" started-at="2024-07-30T15:36:01 JST" name="login" finished-at="2024-07-30T15:36:20 JST" duration-ms="19407" status="PASS">
          <params>
            <param index="0">
              <value>
                <![CDATA[org.testng.TestRunner@ecfbe91]]>
              </value>
            </param>
          </params>
          <reporter-output>
          </reporter-output>
        </test-method> <!-- login -->
        <test-method is-config="true" signature="startApplication(java.lang.reflect.Method)[pri:0, instance:test.script.FaxSmokeTest@408d971b]" started-at="2024-07-30T15:36:20 JST" name="startApplication" finished-at="2024-07-30T15:36:20 JST" duration-ms="11" status="PASS">
          <params>
            <param index="0">
              <value>
                <![CDATA[public void test.script.FaxSmokeTest.verifyDeviceListDelete() throws java.lang.Exception]]>
              </value>
            </param>
          </params>
          <reporter-output>
          </reporter-output>
        </test-method> <!-- startApplication -->
        <test-method signature="verifyDeviceListDelete()[pri:19, instance:test.script.FaxSmokeTest@408d971b]" started-at="2024-07-30T15:36:20 JST" name="verifyDeviceListDelete" finished-at="2024-07-30T15:36:20 JST" duration-ms="16" status="FAIL">
          <exception class="java.lang.NullPointerException">
            <message>
              <![CDATA[Cannot invoke "pages.SharedFolder.ClickDeviceManagemnt()" because "this.sharedFolder" is null]]>
            </message>
            <full-stacktrace>
              <![CDATA[java.lang.NullPointerException: Cannot invoke "pages.SharedFolder.ClickDeviceManagemnt()" because "this.sharedFolder" is null
at test.script.FaxSmokeTest.verifyDeviceListDelete(FaxSmokeTest.java:247)
at java.base/jdk.internal.reflect.DirectMethodHandleAccessor.invoke(DirectMethodHandleAccessor.java:104)
at java.base/java.lang.reflect.Method.invoke(Method.java:578)
at org.testng.internal.invokers.MethodInvocationHelper.invokeMethod(MethodInvocationHelper.java:139)
at org.testng.internal.invokers.TestInvoker.invokeMethod(TestInvoker.java:664)
at org.testng.internal.invokers.TestInvoker.invokeTestMethod(TestInvoker.java:227)
at org.testng.internal.invokers.MethodRunner.runInSequence(MethodRunner.java:50)
at org.testng.internal.invokers.TestInvoker$MethodInvocationAgent.invoke(TestInvoker.java:957)
at org.testng.internal.invokers.TestInvoker.invokeTestMethods(TestInvoker.java:200)
at org.testng.internal.invokers.TestMethodWorker.invokeTestMethods(TestMethodWorker.java:148)
at org.testng.internal.invokers.TestMethodWorker.run(TestMethodWorker.java:128)
at java.base/java.util.ArrayList.forEach(ArrayList.java:1511)
at org.testng.TestRunner.privateRun(TestRunner.java:848)
at org.testng.TestRunner.run(TestRunner.java:621)
at org.testng.SuiteRunner.runTest(SuiteRunner.java:443)
at org.testng.SuiteRunner.runSequentially(SuiteRunner.java:437)
at org.testng.SuiteRunner.privateRun(SuiteRunner.java:397)
at org.testng.SuiteRunner.run(SuiteRunner.java:336)
at org.testng.SuiteRunnerWorker.runSuite(SuiteRunnerWorker.java:52)
at org.testng.SuiteRunnerWorker.run(SuiteRunnerWorker.java:95)
at org.testng.TestNG.runSuitesSequentially(TestNG.java:1280)
at org.testng.TestNG.runSuitesLocally(TestNG.java:1200)
at org.testng.TestNG.runSuites(TestNG.java:1114)
at org.testng.TestNG.run(TestNG.java:1082)
at org.testng.remote.AbstractRemoteTestNG.run(AbstractRemoteTestNG.java:115)
at org.testng.remote.RemoteTestNG.initAndRun(RemoteTestNG.java:251)
at org.testng.remote.RemoteTestNG.main(RemoteTestNG.java:77)
]]>
            </full-stacktrace>
          </exception> <!-- java.lang.NullPointerException -->
          <reporter-output>
          </reporter-output>
        </test-method> <!-- verifyDeviceListDelete -->
        <test-method is-config="true" signature="tearDown(org.testng.ITestResult)[pri:0, instance:test.script.FaxSmokeTest@408d971b]" started-at="2024-07-30T15:36:20 JST" name="tearDown" finished-at="2024-07-30T15:36:21 JST" duration-ms="355" status="PASS">
          <params>
            <param index="0">
              <value>
                <![CDATA[[TestResult name=verifyDeviceListDelete status=FAILURE method=FaxSmokeTest.verifyDeviceListDelete()[pri:19, instance:test.script.FaxSmokeTest@408d971b] output={null}]]]>
              </value>
            </param>
          </params>
          <reporter-output>
          </reporter-output>
        </test-method> <!-- tearDown -->
        <test-method is-config="true" signature="closeBrowser(org.testng.ITestContext)[pri:0, instance:test.script.FaxSmokeTest@408d971b]" started-at="2024-07-30T15:36:21 JST" name="closeBrowser" finished-at="2024-07-30T15:36:21 JST" duration-ms="229" status="PASS">
          <params>
            <param index="0">
              <value>
                <![CDATA[org.testng.TestRunner@ecfbe91]]>
              </value>
            </param>
          </params>
          <reporter-output>
          </reporter-output>
        </test-method> <!-- closeBrowser -->
      </class> <!-- test.script.FaxSmokeTest -->
    </test> <!-- Test1 -->
  </suite> <!-- Suite -->
</testng-results>
